<?xml version="1.0" encoding="UTF-8"?>
<!-- Generated by org.testng.reporters.JUnitXMLReporter -->
<testsuite ignored="4" hostname="DESKTOP-4QG5HHP" failures="2" tests="8" name="Listner Test(failed)" time="33.523" errors="0" timestamp="2025-11-23T09:37:48 IST">
  <testcase classname="tests.LoginTest" name="testLoginForRetry" time="0.619">
    <skipped/>
  </testcase> <!-- testLoginForRetry -->
  <testcase classname="tests.LoginTest" name="testLoginForRetry" time="0.491">
    <skipped/>
  </testcase> <!-- testLoginForRetry -->
  <testcase classname="tests.LoginTest" name="testLoginForRetry" time="0.398">
    <skipped/>
  </testcase> <!-- testLoginForRetry -->
  <testcase classname="tests.LoginTest" name="testLoginForRetry" time="0.512">
    <failure type="java.lang.AssertionError" message="null">
      <![CDATA[java.lang.AssertionError: null
at tests.LoginTest.testLoginForRetry(LoginTest.java:44)
at java.base/java.util.ArrayList.forEach(ArrayList.java:1511)
... Removed 29 stack frames]]>
    </failure>
  </testcase> <!-- testLoginForRetry -->
  <testcase classname="tests.RegistrationTest" name="testRegisterForRetry" time="0.676">
    <skipped/>
  </testcase> <!-- testRegisterForRetry -->
  <testcase classname="tests.RegistrationTest" name="testRegisterForRetry" time="0.687">
    <skipped/>
  </testcase> <!-- testRegisterForRetry -->
  <testcase classname="tests.RegistrationTest" name="testRegisterForRetry" time="1.583">
    <skipped/>
  </testcase> <!-- testRegisterForRetry -->
  <testcase classname="tests.RegistrationTest" name="testRegisterForRetry" time="0.772">
    <failure type="java.lang.AssertionError" message="null">
      <![CDATA[java.lang.AssertionError: null
at tests.RegistrationTest.testRegisterForRetry(RegistrationTest.java:38)
at java.base/java.util.ArrayList.forEach(ArrayList.java:1511)
... Removed 29 stack frames]]>
    </failure>
  </testcase> <!-- testRegisterForRetry -->
  <testcase classname="tests.LoginTest" name="verifyLoginFunctionalityOfTheApplicationWithValidCredentials" time="0.0">
    <ignored/>
  </testcase> <!-- verifyLoginFunctionalityOfTheApplicationWithValidCredentials -->
  <testcase classname="tests.RegistrationTest" name="verifyAccountRegistationFunctionalityWithDataDriven" time="0.0">
    <ignored/>
  </testcase> <!-- verifyAccountRegistationFunctionalityWithDataDriven -->
  <testcase classname="tests.RegistrationTest" name="verifyAccountRegistationFunctionality" time="0.0">
    <ignored/>
  </testcase> <!-- verifyAccountRegistationFunctionality -->
  <testcase classname="tests.LoginTest" name="verifyLoginFunctionalityOfTheApplicationWithInValidCredentials" time="0.0">
    <ignored/>
  </testcase> <!-- verifyLoginFunctionalityOfTheApplicationWithInValidCredentials -->
</testsuite> <!-- Listner Test(failed) -->
