<?xml version="1.0" encoding="UTF-8"?>
<!-- Generated by org.testng.reporters.JUnitXMLReporter -->
<testsuite ignored="0" hostname="DESKTOP-4QG5HHP" failures="2" tests="10" name="Listner Test" time="87.484" errors="0" timestamp="2025-11-23T17:30:18 IST">
  <testcase classname="tests.RegistrationTest" name="testRegisterForRetry" time="0.92">
    <failure type="java.lang.AssertionError" message="null">
      <![CDATA[java.lang.AssertionError: null
at tests.RegistrationTest.testRegisterForRetry(RegistrationTest.java:38)
at java.base/java.util.ArrayList.forEach(ArrayList.java:1511)
... Removed 29 stack frames]]>
    </failure>
  </testcase> <!-- testRegisterForRetry -->
  <testcase classname="tests.RegistrationTest" name="verifyAccountRegistationFunctionality" time="3.823"/>
  <testcase classname="tests.RegistrationTest" name="verifyAccountRegistationFunctionalityWithDataDriven" time="2.443"/>
  <testcase classname="tests.RegistrationTest" name="verifyAccountRegistationFunctionalityWithDataDriven" time="3.148"/>
  <testcase classname="tests.RegistrationTest" name="verifyAccountRegistationFunctionalityWithDataDriven" time="2.72"/>
  <testcase classname="tests.LoginTest" name="testLoginForRetry" time="0.46">
    <failure type="java.lang.AssertionError" message="null">
      <![CDATA[java.lang.AssertionError: null
at tests.LoginTest.testLoginForRetry(LoginTest.java:45)
at java.base/java.util.ArrayList.forEach(ArrayList.java:1511)
... Removed 29 stack frames]]>
    </failure>
  </testcase> <!-- testLoginForRetry -->
  <testcase classname="tests.LoginTest" name="verifyLoginFunctionalityOfTheApplicationWithInValidCredentials" time="11.594"/>
  <testcase classname="tests.LoginTest" name="verifyLoginFunctionalityOfTheApplicationWithInValidCredentials" time="10.898"/>
  <testcase classname="tests.LoginTest" name="verifyLoginFunctionalityOfTheApplicationWithInValidCredentials" time="11.773"/>
  <testcase classname="tests.LoginTest" name="verifyLoginFunctionalityOfTheApplicationWithValidCredentials" time="6.454"/>
</testsuite> <!-- Listner Test -->
