<?xml version="1.0" encoding="UTF-8"?>
<!-- Generated by org.testng.reporters.JUnitXMLReporter -->
<testsuite ignored="0" hostname="DESKTOP-4QG5HHP" failures="2" tests="16" name="Listner Test" time="91.865" errors="0" timestamp="2025-11-23T09:41:28 IST">
  <testcase classname="tests.RegistrationTest" name="testRegisterForRetry" time="0.709">
    <skipped/>
  </testcase> <!-- testRegisterForRetry -->
  <testcase classname="tests.RegistrationTest" name="testRegisterForRetry" time="1.462">
    <skipped/>
  </testcase> <!-- testRegisterForRetry -->
  <testcase classname="tests.RegistrationTest" name="testRegisterForRetry" time="0.619">
    <skipped/>
  </testcase> <!-- testRegisterForRetry -->
  <testcase classname="tests.RegistrationTest" name="testRegisterForRetry" time="0.876">
    <failure type="java.lang.AssertionError" message="null">
      <![CDATA[java.lang.AssertionError: null
at tests.RegistrationTest.testRegisterForRetry(RegistrationTest.java:38)
at java.base/java.util.ArrayList.forEach(ArrayList.java:1511)
... Removed 29 stack frames]]>
    </failure>
  </testcase> <!-- testRegisterForRetry -->
  <testcase classname="tests.RegistrationTest" name="verifyAccountRegistationFunctionality" time="2.768"/>
  <testcase classname="tests.RegistrationTest" name="verifyAccountRegistationFunctionalityWithDataDriven" time="2.564"/>
  <testcase classname="tests.RegistrationTest" name="verifyAccountRegistationFunctionalityWithDataDriven" time="2.303"/>
  <testcase classname="tests.RegistrationTest" name="verifyAccountRegistationFunctionalityWithDataDriven" time="2.621"/>
  <testcase classname="tests.LoginTest" name="testLoginForRetry" time="0.555">
    <skipped/>
  </testcase> <!-- testLoginForRetry -->
  <testcase classname="tests.LoginTest" name="testLoginForRetry" time="0.438">
    <skipped/>
  </testcase> <!-- testLoginForRetry -->
  <testcase classname="tests.LoginTest" name="testLoginForRetry" time="0.37">
    <skipped/>
  </testcase> <!-- testLoginForRetry -->
  <testcase classname="tests.LoginTest" name="testLoginForRetry" time="0.483">
    <failure type="java.lang.AssertionError" message="null">
      <![CDATA[java.lang.AssertionError: null
at tests.LoginTest.testLoginForRetry(LoginTest.java:44)
at java.base/java.util.ArrayList.forEach(ArrayList.java:1511)
... Removed 29 stack frames]]>
    </failure>
  </testcase> <!-- testLoginForRetry -->
  <testcase classname="tests.LoginTest" name="verifyLoginFunctionalityOfTheApplicationWithInValidCredentials" time="11.48"/>
  <testcase classname="tests.LoginTest" name="verifyLoginFunctionalityOfTheApplicationWithInValidCredentials" time="11.45"/>
  <testcase classname="tests.LoginTest" name="verifyLoginFunctionalityOfTheApplicationWithInValidCredentials" time="10.907"/>
  <testcase classname="tests.LoginTest" name="verifyLoginFunctionalityOfTheApplicationWithValidCredentials" time="1.723"/>
</testsuite> <!-- Listner Test -->
