<?xml version="1.0" encoding="UTF-8"?>
<!-- Generated by org.testng.reporters.JUnitXMLReporter -->
<testsuite ignored="1" hostname="DESKTOP-4QG5HHP" failures="0" tests="1" name="Master Test" time="6.657" errors="0" timestamp="2025-11-22T20:49:05 IST">
  <testcase classname="tests.RegistrationTests" name="verifyAccountRegistationFunctionality" time="2.928"/>
  <testcase classname="tests.RegistrationTests" name="verifyAccountRegistationFunctionalityWithDataDriven" time="0.0">
    <ignored/>
  </testcase> <!-- verifyAccountRegistationFunctionalityWithDataDriven -->
</testsuite> <!-- Master Test -->
