<?xml version="1.0" encoding="UTF-8"?>
<!-- Generated by org.testng.reporters.JUnitXMLReporter -->
<testsuite ignored="2" hostname="DESKTOP-4QG5HHP" failures="2" tests="4" name="Chrome Test" time="78.738" errors="0" timestamp="2025-11-24T21:35:05 IST">
  <testcase classname="tests.RegistrationTest" name="testRegisterForRetry" time="4.127">
    <failure type="java.lang.AssertionError" message="null">
      <![CDATA[java.lang.AssertionError: null
at tests.RegistrationTest.testRegisterForRetry(RegistrationTest.java:38)
at java.base/java.util.concurrent.Executors$RunnableAdapter.call(Executors.java:539)
at java.base/java.util.concurrent.FutureTask.run(FutureTask.java:264)
at java.base/java.util.concurrent.ThreadPoolExecutor.runWorker(ThreadPoolExecutor.java:1136)
at java.base/java.util.concurrent.ThreadPoolExecutor$Worker.run(ThreadPoolExecutor.java:635)
at java.base/java.lang.Thread.run(Thread.java:833)
... Removed 15 stack frames]]>
    </failure>
  </testcase> <!-- testRegisterForRetry -->
  <testcase classname="tests.LoginTest" name="testLoginForRetry" time="4.27">
    <failure type="java.lang.AssertionError" message="null">
      <![CDATA[java.lang.AssertionError: null
at tests.LoginTest.testLoginForRetry(LoginTest.java:45)
at java.base/java.util.concurrent.Executors$RunnableAdapter.call(Executors.java:539)
at java.base/java.util.concurrent.FutureTask.run(FutureTask.java:264)
at java.base/java.util.concurrent.ThreadPoolExecutor.runWorker(ThreadPoolExecutor.java:1136)
at java.base/java.util.concurrent.ThreadPoolExecutor$Worker.run(ThreadPoolExecutor.java:635)
at java.base/java.lang.Thread.run(Thread.java:833)
... Removed 15 stack frames]]>
    </failure>
  </testcase> <!-- testLoginForRetry -->
  <testcase classname="tests.LoginTest" name="verifyLoginFunctionalityOfTheApplicationWithValidCredentials" time="57.784"/>
  <testcase classname="tests.RegistrationTest" name="verifyAccountRegistationFunctionality" time="57.849"/>
  <testcase classname="tests.RegistrationTest" name="verifyAccountRegistationFunctionalityWithDataDriven" time="0.0">
    <ignored/>
  </testcase> <!-- verifyAccountRegistationFunctionalityWithDataDriven -->
  <testcase classname="tests.LoginTest" name="verifyLoginFunctionalityOfTheApplicationWithInValidCredentials" time="0.0">
    <ignored/>
  </testcase> <!-- verifyLoginFunctionalityOfTheApplicationWithInValidCredentials -->
</testsuite> <!-- Chrome Test -->
