<?xml version="1.0" encoding="UTF-8"?>
<!-- Generated by org.testng.reporters.JUnitXMLReporter -->
<testsuite ignored="2" hostname="DESKTOP-4QG5HHP" failures="2" tests="4" name="Listner Test" time="16.546" errors="0" timestamp="2025-11-24T22:21:18 IST">
  <testcase classname="tests.RegistrationTest" name="testRegisterForRetry" time="0.578">
    <failure type="java.lang.AssertionError" message="null">
      <![CDATA[java.lang.AssertionError: null
at tests.RegistrationTest.testRegisterForRetry(RegistrationTest.java:38)
at java.base/java.util.ArrayList.forEach(ArrayList.java:1511)
... Removed 29 stack frames]]>
    </failure>
  </testcase> <!-- testRegisterForRetry -->
  <testcase classname="tests.RegistrationTest" name="verifyAccountRegistationFunctionality" time="2.548"/>
  <testcase classname="tests.LoginTest" name="testLoginForRetry" time="0.455">
    <failure type="java.lang.AssertionError" message="null">
      <![CDATA[java.lang.AssertionError: null
at tests.LoginTest.testLoginForRetry(LoginTest.java:45)
at java.base/java.util.ArrayList.forEach(ArrayList.java:1511)
... Removed 29 stack frames]]>
    </failure>
  </testcase> <!-- testLoginForRetry -->
  <testcase classname="tests.LoginTest" name="verifyLoginFunctionalityOfTheApplicationWithValidCredentials" time="2.031"/>
  <testcase classname="tests.LoginTest" name="verifyLoginFunctionalityOfTheApplicationWithInValidCredentials" time="0.0">
    <ignored/>
  </testcase> <!-- verifyLoginFunctionalityOfTheApplicationWithInValidCredentials -->
  <testcase classname="tests.RegistrationTest" name="verifyAccountRegistationFunctionalityWithDataDriven" time="0.0">
    <ignored/>
  </testcase> <!-- verifyAccountRegistationFunctionalityWithDataDriven -->
</testsuite> <!-- Listner Test -->
