<?xml version="1.0" encoding="UTF-8"?>
<!-- Generated by org.testng.reporters.JUnitXMLReporter -->
<testsuite ignored="2" hostname="DESKTOP-4QG5HHP" failures="0" tests="2" name="Master Test" time="11.137" errors="0" timestamp="2025-11-23T00:04:23 IST">
  <testcase classname="tests.RegistrationTest" name="verifyAccountRegistationFunctionality" time="2.576"/>
  <testcase classname="tests.LoginTest" name="verifyLoginFunctionalityOfTheApplicationWithValidCredentials" time="1.626"/>
  <testcase classname="tests.RegistrationTest" name="verifyAccountRegistationFunctionalityWithDataDriven" time="0.0">
    <ignored/>
  </testcase> <!-- verifyAccountRegistationFunctionalityWithDataDriven -->
  <testcase classname="tests.LoginTest" name="verifyLoginFunctionalityOfTheApplicationWithInValidCredentials" time="0.0">
    <ignored/>
  </testcase> <!-- verifyLoginFunctionalityOfTheApplicationWithInValidCredentials -->
</testsuite> <!-- Master Test -->
