<?xml version="1.0" encoding="UTF-8"?>
<!-- Generated by org.testng.reporters.JUnitReportReporter -->
<testsuite hostname="DESKTOP-4QG5HHP" failures="0" tests="4" name="tests.RegistrationTests" time="20.146" errors="0" timestamp="2025-11-22T22:19:34 IST" skipped="0">
  <testcase classname="tests.RegistrationTests" name="verifyAccountRegistationFunctionality" time="5.147"/>
  <testcase classname="tests.RegistrationTests" name="verifyAccountRegistationFunctionalityWithDataDriven" time="5.385"/>
  <testcase classname="tests.RegistrationTests" name="verifyAccountRegistationFunctionalityWithDataDriven" time="4.945"/>
  <testcase classname="tests.RegistrationTests" name="verifyAccountRegistationFunctionalityWithDataDriven" time="4.669"/>
</testsuite> <!-- tests.RegistrationTests -->
